{"C:\\Users\\User\\Desktop\\jira clone\\src\\models\\Comment.model.ts": {"path":"C:\\Users\\User\\Desktop\\jira clone\\src\\models\\Comment.model.ts","statementMap":{"0":{"start":{"line":1,"column":0},"end":{"line":1,"column":54}},"1":{"start":{"line":13,"column":22},"end":{"line":21,"column":null}},"2":{"start":{"line":24,"column":13},"end":{"line":24,"column":74}}},"fnMap":{},"branchMap":{},"s":{"0":1,"1":1,"2":1},"f":{},"b":{}}
,"C:\\Users\\User\\Desktop\\jira clone\\src\\models\\Project.model.ts": {"path":"C:\\Users\\User\\Desktop\\jira clone\\src\\models\\Project.model.ts","statementMap":{"0":{"start":{"line":1,"column":0},"end":{"line":1,"column":54}},"1":{"start":{"line":14,"column":22},"end":{"line":23,"column":null}},"2":{"start":{"line":26,"column":13},"end":{"line":26,"column":74}}},"fnMap":{},"branchMap":{},"s":{"0":3,"1":3,"2":3},"f":{},"b":{}}
,"C:\\Users\\User\\Desktop\\jira clone\\src\\models\\Task.model.ts": {"path":"C:\\Users\\User\\Desktop\\jira clone\\src\\models\\Task.model.ts","statementMap":{"0":{"start":{"line":1,"column":0},"end":{"line":1,"column":54}},"1":{"start":{"line":17,"column":19},"end":{"line":37,"column":null}},"2":{"start":{"line":40,"column":13},"end":{"line":40,"column":62}}},"fnMap":{},"branchMap":{},"s":{"0":2,"1":2,"2":2},"f":{},"b":{}}
,"C:\\Users\\User\\Desktop\\jira clone\\src\\models\\User.model.ts": {"path":"C:\\Users\\User\\Desktop\\jira clone\\src\\models\\User.model.ts","statementMap":{"0":{"start":{"line":1,"column":0},"end":{"line":1,"column":54}},"1":{"start":{"line":13,"column":19},"end":{"line":21,"column":null}},"2":{"start":{"line":24,"column":13},"end":{"line":24,"column":62}}},"fnMap":{},"branchMap":{},"s":{"0":4,"1":4,"2":4},"f":{},"b":{}}
,"C:\\Users\\User\\Desktop\\jira clone\\src\\utils\\bcrypt.ts": {"path":"C:\\Users\\User\\Desktop\\jira clone\\src\\utils\\bcrypt.ts","statementMap":{"0":{"start":{"line":1,"column":0},"end":{"line":1,"column":30}},"1":{"start":{"line":3,"column":28},"end":{"line":5,"column":1}},"2":{"start":{"line":4,"column":2},"end":{"line":4,"column":35}},"3":{"start":{"line":3,"column":13},"end":{"line":3,"column":28}},"4":{"start":{"line":7,"column":31},"end":{"line":12,"column":1}},"5":{"start":{"line":11,"column":2},"end":{"line":11,"column":40}},"6":{"start":{"line":7,"column":13},"end":{"line":7,"column":31}}},"fnMap":{"0":{"name":"(anonymous_1)","decl":{"start":{"line":3,"column":28},"end":{"line":3,"column":33}},"loc":{"start":{"line":3,"column":72},"end":{"line":5,"column":1}}},"1":{"name":"(anonymous_2)","decl":{"start":{"line":7,"column":31},"end":{"line":7,"column":36}},"loc":{"start":{"line":10,"column":22},"end":{"line":12,"column":1}}}},"branchMap":{},"s":{"0":1,"1":1,"2":3,"3":1,"4":1,"5":3,"6":1},"f":{"0":3,"1":3},"b":{}}
,"C:\\Users\\User\\Desktop\\jira clone\\src\\utils\\jwt.ts": {"path":"C:\\Users\\User\\Desktop\\jira clone\\src\\utils\\jwt.ts","statementMap":{"0":{"start":{"line":1,"column":0},"end":{"line":1,"column":31}},"1":{"start":{"line":3,"column":19},"end":{"line":3,"column":62}},"2":{"start":{"line":5,"column":29},"end":{"line":7,"column":1}},"3":{"start":{"line":6,"column":2},"end":{"line":6,"column":64}},"4":{"start":{"line":5,"column":13},"end":{"line":5,"column":29}},"5":{"start":{"line":9,"column":27},"end":{"line":15,"column":1}},"6":{"start":{"line":10,"column":2},"end":{"line":14,"column":3}},"7":{"start":{"line":11,"column":4},"end":{"line":11,"column":41}},"8":{"start":{"line":13,"column":4},"end":{"line":13,"column":16}},"9":{"start":{"line":9,"column":13},"end":{"line":9,"column":27}}},"fnMap":{"0":{"name":"(anonymous_1)","decl":{"start":{"line":5,"column":29},"end":{"line":5,"column":30}},"loc":{"start":{"line":5,"column":56},"end":{"line":7,"column":1}}},"1":{"name":"(anonymous_2)","decl":{"start":{"line":9,"column":27},"end":{"line":9,"column":28}},"loc":{"start":{"line":9,"column":50},"end":{"line":15,"column":1}}}},"branchMap":{"0":{"loc":{"start":{"line":3,"column":19},"end":{"line":3,"column":62}},"type":"binary-expr","locations":[{"start":{"line":3,"column":19},"end":{"line":3,"column":41}},{"start":{"line":3,"column":45},"end":{"line":3,"column":62}}]}},"s":{"0":1,"1":1,"2":1,"3":2,"4":1,"5":1,"6":4,"7":4,"8":3,"9":1},"f":{"0":2,"1":4},"b":{"0":[1,0]}}
}
